<?xml version="1.0" encoding="UTF-8"?>
<!-- Generated by org.testng.reporters.JUnitXMLReporter -->
<testsuite ignored="1" hostname="LAPTOP-L3I8I5EP" failures="0" tests="2" name="Default test" time="0.075" errors="0" timestamp="2024-04-19T11:13:32 IST">
  <testcase classname="DisabledTest.Disable_using_enabledkeyword" name="TC2" time="0.013"/>
  <testcase classname="DisabledTest.Disable_using_enabledkeyword" name="TC3" time="0.002"/>
  <testcase classname="DisabledTest.Disable_using_enabledkeyword" name="TC1" time="0.0">
    <ignored/>
  </testcase> <!-- TC1 -->
</testsuite> <!-- Default test -->
