<?xml version="1.0" encoding="UTF-8"?>
<!-- Generated by org.testng.reporters.JUnitXMLReporter -->
<testsuite ignored="1" hostname="LAPTOP-L3I8I5EP" failures="0" tests="2" name="Test" time="0.07" errors="0" timestamp="2024-04-19T10:57:27 IST">
  <testcase classname="DisabledTest.disabledclass" name="TC1" time="0.015"/>
  <testcase classname="DisabledTest.disabledclass" name="TC3" time="0.001"/>
  <testcase classname="DisabledTest.disabledclass" name="TC2" time="0.0">
    <ignored/>
  </testcase> <!-- TC2 -->
</testsuite> <!-- Test -->
