<?xml version="1.0" encoding="UTF-8"?>
<testng-results ignored="1" total="3" passed="2" failed="0" skipped="0">
  <reporter-output>
    <line>
      <![CDATA[TC2]]>
    </line>
    <line>
      <![CDATA[TC3]]>
    </line>
  </reporter-output>
  <suite started-at="2024-04-19T11:13:32 IST" name="Default suite" finished-at="2024-04-19T11:13:32 IST" duration-ms="75">
    <groups>
    </groups>
    <test started-at="2024-04-19T11:13:32 IST" name="Default test" finished-at="2024-04-19T11:13:32 IST" duration-ms="75">
      <class name="DisabledTest.Disable_using_enabledkeyword">
        <test-method signature="TC2()[pri:0, instance:DisabledTest.Disable_using_enabledkeyword@429bffaa]" started-at="2024-04-19T11:13:32 IST" name="TC2" finished-at="2024-04-19T11:13:32 IST" duration-ms="13" status="PASS">
          <reporter-output>
            <line>
              <![CDATA[TC2]]>
            </line>
          </reporter-output>
        </test-method> <!-- TC2 -->
        <test-method signature="TC3()[pri:0, instance:DisabledTest.Disable_using_enabledkeyword@429bffaa]" started-at="2024-04-19T11:13:32 IST" name="TC3" finished-at="2024-04-19T11:13:32 IST" duration-ms="2" status="PASS">
          <reporter-output>
            <line>
              <![CDATA[TC3]]>
            </line>
          </reporter-output>
        </test-method> <!-- TC3 -->
      </class> <!-- DisabledTest.Disable_using_enabledkeyword -->
    </test> <!-- Default test -->
  </suite> <!-- Default suite -->
</testng-results>
